<!DOCTYPE html><html><head><title>Lets talk about ... SQL Query Performance</title><meta charset="utf-8"><script src="assets/vendor/slides.js"></script><link href="styles.css" rel="stylesheet" type="text/css"></head><body><section class="slides layout-regular template-default"><article><h2>Lets talk about ...</h2><h2>&nbsp;</h2></article><article><h2>Lets talk about ...</h2><h2>SQL Query Performance</h2></article><article><h2>Tools</h2><ul class="build"><li><pre>rails db</pre></li><li><pre>EXPLAIN</pre></li><li><pre>ActiveRecord::Base.connection
  .execute('SQL').to_a</pre></li></ul></article><article><h1>Basics</h1></article><article><ul class="build"><li>SELECT *</li><li><pre>SELECT *
FROM staff_shifts;</pre></li><li><pre>(cost=0.00..133081.67 rows=5852267 width=74)</pre></li><li>SELECT column</li><li><pre>SELECT id
FROM staff_shifts;</pre></li><li><pre>(cost=0.00..133081.67 rows=5852267 width=4)</pre></li></ul></article><article><ul class="build"><li>Selected columns show no difference in cost</li><li>BUT it's shown in the width of a query</li><li><pre>(5523.0ms)  SELECT * FROM staff_shifts</pre></li><li><pre>(783.0ms)  SELECT id FROM staff_shifts</pre></li><li>DON'T forget the parser</li></ul></article><article><h2>LIMIT</h2><ul class="build"><li><pre>SELECT *
FROM staff_shifts;</pre></li><li><pre>(cost=0.00..133081.67 rows=5852267 width=74)</pre></li></ul></article><article><h2>LIMIT</h2><ul class="build"><li><pre>SELECT *
FROM staff_shifts
LIMIT 100;</pre></li><li><pre>(cost=0.00..2.27 rows=100 width=74)</pre></li><li><pre>(cost=0.00..133081.67 rows=5852267 width=74)</pre></li></ul></article><article><h2>Rules</h2><ul><li>1. LIMIT results</li></ul></article><article><h2>COUNT</h2></article><article><h2>COUNT is expensive</h2></article><article><h2>COUNT</h2><ul class="build"><li><pre>SELECT COUNT(*)
FROM staff_shifts;</pre></li><li><pre>(cost=147712.34..147712.35 rows=1 width=0)</pre></li><li><pre>(1171.2ms)  SELECT count(*) FROM staff_shifts</pre></li></ul></article><article><h2>COUNT</h2><ul><li><pre>SELECT COUNT(id)
FROM staff_shifts;</pre></li><li><pre>(cost=147712.34..147712.35 rows=1 width=4)</pre></li><li><pre>(1481.2ms)  SELECT count(id) FROM staff_shifts</pre></li></ul></article><article><h2>LIMIT COUNT</h2><ul><li><pre>SELECT COUNT(*)
FROM staff_shifts
LIMIT 1000;</pre></li><li><pre>(cost=147712.34..147712.35 rows=1 width=0)</pre></li><li><pre>(1171.2ms)  SELECT count(*) FROM staff_shifts</pre></li></ul></article><article data-src="assets/memes/fuuuuu.jpg" class="image"></article><article><h2>LIMIT COUNT (done right)</h2><ul><li><pre>SELECT COUNT(*) FROM (
  SELECT id
  FROM staff_shifts
  LIMIT 1000
);</pre></li><li><pre>(cost=35.24..35.25 rows=1 width=0)</pre></li><li><pre>(7.0ms)  SELECT count(*) FROM ...</pre></li></ul></article><article><h2>LIMIT COUNT (done perfect)</h2><ul><li><pre>SELECT COUNT(*) FROM (
  SELECT 1
  FROM staff_shifts
  LIMIT 1000
);</pre></li><li><pre>(cost=35.24..35.25 rows=1 width=0)</pre></li><li><pre>(6.3ms)  SELECT count(*) FROM ...</pre></li></ul></article><article><h2>Rules</h2><ul><li>1. LIMIT results</li><li>2. LIMIT counts</li></ul></article><article><h2>ORDER</h2><ul class="build"><li><pre>SELECT id
FROM staff_shifts
ORDER BY created_at;</pre></li><li><pre>(cost=990924.99..1005555.66 rows=5852267 width=12)</pre></li></ul></article><article><h2>ORDER LIMIT</h2><ul class="build"><li><pre>SELECT *
FROM staff_shifts
ORDER BY created_at
LIMIT 100;</pre></li><li><pre>(cost=356751.11..356751.36 rows=100 width=12)</pre></li><li><pre>(cost=990924.99..1005555.66 rows=5852267 width=12)</pre></li></ul></article><article><h2>indexed ORDER</h2><ul class="build"><li><pre>SELECT *
FROM staff_shifts
ORDER BY created_at
LIMIT 100;</pre></li><li><pre>(cost=0.43..5.37 rows=100 width=12)</pre></li><li><pre>(cost=990924.99..1005555.66 rows=5852267 width=12)</pre></li></ul></article><article><h2>Rules</h2><ul><li>1. LIMIT results</li><li>2. LIMIT counts</li><li>3. INDEX sort columns</li></ul></article><article><h2>INDEXES</h2><ul class="build"><li><pre>SELECT id
FROM shiftplan_notifications
WHERE shift_id = ?;</pre></li><li><pre>(cost=0.00..60555.66 rows=4 width=4)</pre></li></ul></article><article><h2>INDEXES</h2><ul class="build"><li><pre>CREATE INDEX shiftplan_notifications__shift_id
ON shiftplan_notifications (shift_id);</pre></li></ul></article><article><h2>INDEXES</h2><ul class="build"><li><pre>SELECT id
FROM shiftplan_notifications
WHERE shift_id = ?;</pre></li><li><pre>(cost=0.43..10.82 rows=4 width=4)</pre></li><li><pre>(cost=0.00..60555.66 rows=4 width=4)</pre></li></ul></article><article><h2>Rules</h2><ul><li>1. LIMIT results</li><li>2. LIMIT counts</li><li>3. INDEX sort columns</li><li>4. INDEX filter columns</li></ul></article><article><h2>INDEXES</h2><ul class="build"><li><pre>SELECT id
FROM shiftplan_notifications
WHERE employment_ids @> ARRAY[?];</pre></li><li><pre>(cost=0.00..60555.66 rows=159 width=4)</pre></li></ul></article><article><h2>INDEXES</h2><ul class="build"><li><pre>CREATE INDEX shiftplan_notifications__employment_ids
ON shiftplan_notifications (employment_ids);</pre></li></ul></article><article><h2>INDEXES</h2><ul class="build"><li><pre>SELECT id
FROM shiftplan_notifications
WHERE shift_id = ?;</pre></li><li><pre>(cost=0.00..60555.66 rows=159 width=4)</pre></li><li><pre>(cost=0.00..60555.66 rows=159 width=4)</pre></li></ul></article><article data-src="assets/memes/fuuuuu.jpg" class="image"></article><article><h2>INDEXES</h2><ul class="build"><li><pre>CREATE INDEX shiftplan_notifications__employment_ids
ON shiftplan_notifications
USING GIN (employment_ids);</pre></li></ul></article><article><h2>INDEXES</h2><ul class="build"><li><pre>SELECT id
FROM shiftplan_notifications
WHERE shift_id = ?;</pre></li><li><pre>(cost=17.23..623.83 rows=159 width=4)</pre></li><li><pre>(cost=0.00..60555.66 rows=159 width=4)</pre></li></ul></article><article><h2>Rules</h2><ul><li>1. LIMIT results</li><li>2. LIMIT counts</li><li>3. INDEX sort columns</li><li>4. INDEX filter columns (with the right index)</li></ul></article><article><h1>JOINs</h1><h2>&nbsp;</h2></article><article><h1>JOINs</h1><h2>are BAD</h2></article><article><h1>JOINs</h1><h2>are BAD (sometimes)</h2></article><article><h1>JOINs</h1><h2>are BAD <strike>(sometimes)</strike> mostly</h2></article><article><h2>When to use JOIN</h2><ul class="build"><li>ALL where filter columns are in the base table</li><li>ALL ORDER BY columns are in the base table</li><li>ALL joined tables have a 1:n relation to the base table</li></ul></article><article><h2>How to handle filter columns</h2><ul class="build"><li>Fetch ids and filter in base table</li><li>EXCEPTION:<ul class="build"><li>Amount of plucked ids is usually HUGE</li></ul></li></ul></article><article><h2>How to handle order columns</h2><ul class="build"><li>Create persistent views</li><li>Create cached tables</li></ul></article><article><h2>How to handle n:m relations</h2><ul class="build"><li>Fetch data from base table</li><li>Fetch data from join tables seperately</li><li>Link them logically in code</li></ul></article><article><h2>Rules</h2><ul><li>1. LIMIT results</li><li>2. LIMIT counts</li><li>3. INDEX sort columns</li><li>4. INDEX filter columns (with the right index)</li><li>5. Avoid JOINs (if possible)</li></ul></article></section><script src="assets/scripts/main.js"></script></body></html>